<?xml version="1.0" encoding="UTF-8"?>
<!-- Generated by org.testng.reporters.JUnitXMLReporter -->
<testsuite hostname="DESKTOP-JTFC6NM" ignored="1" name="Test" tests="1" failures="0" timestamp="2023-01-28T20:51:56 IST" time="4.96" errors="0">
  <testcase name="VerifyResponseCode200" time="4.875" classname="test.APIAutomation.VerifyResponseCodeTest"/>
  <testcase name="callAPI" time="0.0" classname="test.APIAutomation.VerifyResponseCodeTest">
    <ignored/>
  </testcase> <!-- callAPI -->
</testsuite> <!-- Test -->
