<?xml version="1.0" encoding="UTF-8"?>
<!-- Generated by org.testng.reporters.JUnitXMLReporter -->
<testsuite hostname="DESKTOP-JTFC6NM" ignored="0" name="Test" tests="1" failures="1" timestamp="2022-11-16T01:56:58 IST" time="0.426" errors="0">
  <testcase name="VerifyResponseCode200" time="0.36" classname="DemoAutomation.DemoAPIAutomation.DemoClass">
    <failure type="java.lang.NoClassDefFoundError" message="org/apache/http/client/HttpClient">
      <![CDATA[java.lang.NoClassDefFoundError: org/apache/http/client/HttpClient
at io.restassured.config.HttpClientConfig.defaultHttpClientFactory(HttpClientConfig.java:264)
at io.restassured.config.HttpClientConfig.<init>(HttpClientConfig.java:76)
at io.restassured.config.RestAssuredConfig.<init>(RestAssuredConfig.java:41)
at io.restassured.RestAssured.<clinit>(RestAssured.java:420)
at DemoAutomation.DemoAPIAutomation.DemoClass.VerifyResponseCode200(DemoClass.java:15)
at java.util.ArrayList.forEach(Unknown Source)
Caused by: java.lang.ClassNotFoundException: org.apache.http.client.HttpClient
at java.net.URLClassLoader.findClass(Unknown Source)
at java.lang.ClassLoader.loadClass(Unknown Source)
at sun.misc.Launcher$AppClassLoader.loadClass(Unknown Source)
at java.lang.ClassLoader.loadClass(Unknown Source)
... 33 more
... Removed 27 stack frames]]>
    </failure>
  </testcase> <!-- VerifyResponseCode200 -->
</testsuite> <!-- Test -->
