<?xml version="1.0" encoding="UTF-8"?>
<!-- Generated by org.testng.reporters.JUnitXMLReporter -->
<testsuite hostname="DESKTOP-JTFC6NM" ignored="1" name="Default test" tests="1" failures="0" timestamp="2023-01-28T23:36:32 IST" time="5.923" errors="0">
  <testcase name="callAPI" time="5.853" classname="test.APIAutomation.VerifyResponseCodeTest"/>
  <testcase name="VerifyResponseCode200" time="0.0" classname="test.APIAutomation.VerifyResponseCodeTest">
    <ignored/>
  </testcase> <!-- VerifyResponseCode200 -->
</testsuite> <!-- Default test -->
