<?xml version="1.0" encoding="UTF-8"?>
<!-- Generated by org.testng.reporters.JUnitXMLReporter -->
<testsuite hostname="Dell" name="Web App Test" tests="2" failures="1" timestamp="25 Jun 2022 16:22:47 GMT" time="2.435" errors="0">
  <testcase name="@AfterMethod endTest" time="0.0" classname="tests.LoginTest">
    <failure type="java.lang.NullPointerException">
      <![CDATA[java.lang.NullPointerException
	at testBase.TestBase.endTest(TestBase.java:148)
... Removed 27 stack frames]]>
    </failure>
  </testcase> <!-- @AfterMethod endTest -->
  <testcase name="@AfterMethod endTest" time="0.0" classname="tests.LoginTest">
    <failure type="java.lang.NullPointerException">
      <![CDATA[java.lang.NullPointerException
	at testBase.TestBase.endTest(TestBase.java:148)
... Removed 27 stack frames]]>
    </failure>
  </testcase> <!-- @AfterMethod endTest -->
  <testcase name="AssignLeave" time="2.258" classname="tests.LoginTest">
    <failure type="java.lang.NullPointerException">
      <![CDATA[java.lang.NullPointerException
	at org.openqa.selenium.support.pagefactory.DefaultElementLocator.findElement(DefaultElementLocator.java:69)
	at org.openqa.selenium.support.pagefactory.internal.LocatingElementHandler.invoke(LocatingElementHandler.java:38)
	at com.sun.proxy.$Proxy29.sendKeys(Unknown Source)
	at businessFunctions.LoginPage.Login(LoginPage.java:48)
	at tests.LoginTest.AssignLeave(LoginTest.java:49)
... Removed 25 stack frames]]>
    </failure>
  </testcase> <!-- AssignLeave -->
  <testcase name="VerifyApplicationLunch" time="0.009" classname="tests.LoginTest">
    <skipped/>
  </testcase> <!-- VerifyApplicationLunch -->
</testsuite> <!-- Web App Test -->
