<?xml version="1.0" encoding="UTF-8"?>
<testng-results skipped="0" failed="0" ignored="0" total="2" passed="2">
  <reporter-output>
  </reporter-output>
  <suite name="Suite" duration-ms="18034" started-at="2022-12-12T23:14:22 IST" finished-at="2022-12-12T23:14:40 IST">
    <groups>
    </groups>
    <test name="Test" duration-ms="18034" started-at="2022-12-12T23:14:22 IST" finished-at="2022-12-12T23:14:40 IST">
      <class name="com.SeleniumWithMaven.ResumeSession">
        <test-method status="PASS" signature="enterUsername()[pri:1, instance:com.SeleniumWithMaven.ResumeSession@58fdd99]" name="enterUsername" duration-ms="16805" started-at="2022-12-12T23:14:22 IST" finished-at="2022-12-12T23:14:39 IST">
          <reporter-output>
          </reporter-output>
        </test-method> <!-- enterUsername -->
        <test-method status="PASS" signature="enterPassword()[pri:2, instance:com.SeleniumWithMaven.ResumeSession@58fdd99]" name="enterPassword" duration-ms="1160" started-at="2022-12-12T23:14:39 IST" finished-at="2022-12-12T23:14:40 IST">
          <reporter-output>
          </reporter-output>
        </test-method> <!-- enterPassword -->
      </class> <!-- com.SeleniumWithMaven.ResumeSession -->
    </test> <!-- Test -->
  </suite> <!-- Suite -->
</testng-results>
