<?xml version="1.0" encoding="UTF-8"?>
<testng-results skipped="0" failed="0" ignored="1" total="2" passed="1">
  <reporter-output>
  </reporter-output>
  <suite name="Default suite" duration-ms="5923" started-at="2023-01-28T23:36:27 IST" finished-at="2023-01-28T23:36:32 IST">
    <groups>
    </groups>
    <test name="Default test" duration-ms="5923" started-at="2023-01-28T23:36:27 IST" finished-at="2023-01-28T23:36:32 IST">
      <class name="test.APIAutomation.VerifyResponseCodeTest">
        <test-method status="PASS" signature="callAPI()[pri:0, instance:test.APIAutomation.VerifyResponseCodeTest@27a5f880]" name="callAPI" duration-ms="5853" started-at="2023-01-28T23:36:27 IST" finished-at="2023-01-28T23:36:32 IST">
          <reporter-output>
          </reporter-output>
        </test-method> <!-- callAPI -->
      </class> <!-- test.APIAutomation.VerifyResponseCodeTest -->
    </test> <!-- Default test -->
  </suite> <!-- Default suite -->
</testng-results>
