<?xml version="1.0" encoding="UTF-8"?>
<!-- Generated by org.testng.reporters.JUnitXMLReporter -->
<testsuite hostname="Dell" name="Default test" tests="2" failures="0" timestamp="18 Jun 2022 09:11:47 GMT" time="0.074" errors="0">
  <testcase name="AssignLeave" time="0.0" classname="tests.LoginTest">
    <skipped/>
  </testcase> <!-- AssignLeave -->
  <testcase name="VerifyApplicationLunch" time="0.0" classname="tests.LoginTest">
    <skipped/>
  </testcase> <!-- VerifyApplicationLunch -->
</testsuite> <!-- Default test -->
