<?xml version="1.0" encoding="UTF-8"?>
<testng-results ignored="1" total="2" passed="1" failed="0" skipped="0">
  <reporter-output>
  </reporter-output>
  <suite started-at="2023-09-02T06:11:35Z" name="test_suite" finished-at="2023-09-02T06:12:02Z" duration-ms="26602">
    <groups>
      <group name="SmokeTest">
        <method signature="LoginTest.VerifyApplicationLunch(java.lang.String, java.lang.String)[pri:0, instance:tests.LoginTest@d6e7bab]" name="VerifyApplicationLunch" class="tests.LoginTest"/>
      </group> <!-- SmokeTest -->
    </groups>
    <test started-at="2023-09-02T06:11:35Z" name="Loan" finished-at="2023-09-02T06:12:02Z" duration-ms="26602">
      <class name="tests.LoginTest">
        <test-method is-config="true" signature="startSuite()[pri:0, instance:tests.LoginTest@d6e7bab]" started-at="2023-09-02T11:41:35Z" name="startSuite" finished-at="2023-09-02T11:41:35Z" duration-ms="266" status="PASS">
          <reporter-output>
          </reporter-output>
        </test-method> <!-- startSuite -->
        <test-method is-config="true" signature="setUp(java.lang.reflect.Method)[pri:0, instance:tests.LoginTest@d6e7bab]" started-at="2023-09-02T11:41:35Z" name="setUp" finished-at="2023-09-02T11:41:58Z" duration-ms="22481" status="PASS">
          <params>
            <param index="0">
              <value>
                <![CDATA[public void tests.LoginTest.VerifyApplicationLunch(java.lang.String,java.lang.String) throws java.lang.InterruptedException]]>
              </value>
            </param>
          </params>
          <reporter-output>
          </reporter-output>
        </test-method> <!-- setUp -->
        <test-method signature="VerifyApplicationLunch(java.lang.String, java.lang.String)[pri:0, instance:tests.LoginTest@d6e7bab]" started-at="2023-09-02T11:41:58Z" name="VerifyApplicationLunch" finished-at="2023-09-02T11:42:02Z" duration-ms="3991" status="PASS">
          <params>
            <param index="0">
              <value>
                <![CDATA[Admin]]>
              </value>
            </param>
            <param index="1">
              <value>
                <![CDATA[admin123]]>
              </value>
            </param>
          </params>
          <reporter-output>
          </reporter-output>
        </test-method> <!-- VerifyApplicationLunch -->
        <test-method is-config="true" signature="endTest()[pri:0, instance:tests.LoginTest@d6e7bab]" started-at="2023-09-02T11:42:02Z" name="endTest" finished-at="2023-09-02T11:42:02Z" duration-ms="120" status="PASS">
          <reporter-output>
          </reporter-output>
        </test-method> <!-- endTest -->
        <test-method is-config="true" signature="endSuite()[pri:0, instance:tests.LoginTest@d6e7bab]" started-at="2023-09-02T11:42:02Z" name="endSuite" finished-at="2023-09-02T11:42:02Z" duration-ms="346" status="PASS">
          <reporter-output>
          </reporter-output>
        </test-method> <!-- endSuite -->
      </class> <!-- tests.LoginTest -->
    </test> <!-- Loan -->
  </suite> <!-- test_suite -->
</testng-results>
