<?xml version="1.0" encoding="UTF-8"?>
<testng-results skipped="0" failed="0" total="1" passed="1">
  <reporter-output>
  </reporter-output>
  <suite name="test_suite" duration-ms="19760" started-at="2022-06-25T18:06:17Z" finished-at="2022-06-25T18:06:36Z">
    <groups>
      <group name="SmokeTest">
        <method signature="LoginTest.VerifyApplicationLunch(java.lang.String, java.lang.String)[pri:0, instance:tests.LoginTest@57fffcd7]" name="VerifyApplicationLunch" class="tests.LoginTest"/>
      </group> <!-- SmokeTest -->
    </groups>
    <test name="Loan" duration-ms="19760" started-at="2022-06-25T18:06:17Z" finished-at="2022-06-25T18:06:36Z">
      <class name="tests.LoginTest">
        <test-method status="PASS" signature="startSuite()[pri:0, instance:tests.LoginTest@57fffcd7]" name="startSuite" is-config="true" duration-ms="1053" started-at="2022-06-25T23:36:16Z" finished-at="2022-06-25T23:36:17Z">
          <reporter-output>
          </reporter-output>
        </test-method> <!-- startSuite -->
        <test-method status="PASS" signature="setUp(java.lang.reflect.Method)[pri:0, instance:tests.LoginTest@57fffcd7]" name="setUp" is-config="true" duration-ms="10293" started-at="2022-06-25T23:36:17Z" finished-at="2022-06-25T23:36:27Z">
          <params>
            <param index="0">
              <value>
                <![CDATA[public void tests.LoginTest.VerifyApplicationLunch(java.lang.String,java.lang.String) throws java.lang.InterruptedException]]>
              </value>
            </param>
          </params>
          <reporter-output>
          </reporter-output>
        </test-method> <!-- setUp -->
        <test-method status="PASS" signature="VerifyApplicationLunch(java.lang.String, java.lang.String)[pri:0, instance:tests.LoginTest@57fffcd7]" name="VerifyApplicationLunch" duration-ms="8690" started-at="2022-06-25T23:36:27Z" finished-at="2022-06-25T23:36:36Z">
          <params>
            <param index="0">
              <value>
                <![CDATA[Admin]]>
              </value>
            </param>
            <param index="1">
              <value>
                <![CDATA[admin123]]>
              </value>
            </param>
          </params>
          <reporter-output>
          </reporter-output>
        </test-method> <!-- VerifyApplicationLunch -->
        <test-method status="PASS" signature="endTest()[pri:0, instance:tests.LoginTest@57fffcd7]" name="endTest" is-config="true" duration-ms="724" started-at="2022-06-25T23:36:36Z" finished-at="2022-06-25T23:36:36Z">
          <reporter-output>
          </reporter-output>
        </test-method> <!-- endTest -->
        <test-method status="PASS" signature="endSuite()[pri:0, instance:tests.LoginTest@57fffcd7]" name="endSuite" is-config="true" duration-ms="1279" started-at="2022-06-25T23:36:36Z" finished-at="2022-06-25T23:36:38Z">
          <reporter-output>
          </reporter-output>
        </test-method> <!-- endSuite -->
      </class> <!-- tests.LoginTest -->
    </test> <!-- Loan -->
  </suite> <!-- test_suite -->
</testng-results>
