<?xml version="1.0" encoding="UTF-8"?>
<testng-results ignored="1" total="2" passed="1" failed="0" skipped="0">
  <reporter-output>
  </reporter-output>
  <suite started-at="2023-09-01T21:44:08Z" name="test_suite" finished-at="2023-09-01T21:44:27Z" duration-ms="19754">
    <groups>
      <group name="SmokeTest">
        <method signature="LoginTest.VerifyApplicationLunch(java.lang.String, java.lang.String)[pri:0, instance:tests.LoginTest@d6e7bab]" name="VerifyApplicationLunch" class="tests.LoginTest"/>
      </group> <!-- SmokeTest -->
    </groups>
    <test started-at="2023-09-01T21:44:08Z" name="Loan" finished-at="2023-09-01T21:44:27Z" duration-ms="19754">
      <class name="tests.LoginTest">
        <test-method is-config="true" signature="startSuite()[pri:0, instance:tests.LoginTest@d6e7bab]" started-at="2023-09-02T03:14:07Z" name="startSuite" finished-at="2023-09-02T03:14:08Z" duration-ms="268" status="PASS">
          <reporter-output>
          </reporter-output>
        </test-method> <!-- startSuite -->
        <test-method is-config="true" signature="setUp(java.lang.reflect.Method)[pri:0, instance:tests.LoginTest@d6e7bab]" started-at="2023-09-02T03:14:08Z" name="setUp" finished-at="2023-09-02T03:14:24Z" duration-ms="16224" status="PASS">
          <params>
            <param index="0">
              <value>
                <![CDATA[public void tests.LoginTest.VerifyApplicationLunch(java.lang.String,java.lang.String) throws java.lang.InterruptedException]]>
              </value>
            </param>
          </params>
          <reporter-output>
          </reporter-output>
        </test-method> <!-- setUp -->
        <test-method signature="VerifyApplicationLunch(java.lang.String, java.lang.String)[pri:0, instance:tests.LoginTest@d6e7bab]" started-at="2023-09-02T03:14:24Z" name="VerifyApplicationLunch" finished-at="2023-09-02T03:14:27Z" duration-ms="3400" status="PASS">
          <params>
            <param index="0">
              <value>
                <![CDATA[Admin]]>
              </value>
            </param>
            <param index="1">
              <value>
                <![CDATA[admin123]]>
              </value>
            </param>
          </params>
          <reporter-output>
          </reporter-output>
        </test-method> <!-- VerifyApplicationLunch -->
        <test-method is-config="true" signature="endTest()[pri:0, instance:tests.LoginTest@d6e7bab]" started-at="2023-09-02T03:14:27Z" name="endTest" finished-at="2023-09-02T03:14:27Z" duration-ms="119" status="PASS">
          <reporter-output>
          </reporter-output>
        </test-method> <!-- endTest -->
        <test-method is-config="true" signature="endSuite()[pri:0, instance:tests.LoginTest@d6e7bab]" started-at="2023-09-02T03:14:27Z" name="endSuite" finished-at="2023-09-02T03:14:28Z" duration-ms="404" status="PASS">
          <reporter-output>
          </reporter-output>
        </test-method> <!-- endSuite -->
      </class> <!-- tests.LoginTest -->
    </test> <!-- Loan -->
  </suite> <!-- test_suite -->
</testng-results>
